<?xml version="1.0" encoding="UTF-8"?>
<!-- Generated by org.testng.reporters.JUnitReportReporter -->
<testsuite skipped="0" hostname="DESKTOP-DO54GIB" name="businessComponent.TestingContinue" tests="2" failures="0" timestamp="06 Feb 2019 06:04:19 GMT" time="68.662" errors="0">
  <testcase name="testCaseOne" time="35.324" classname="businessComponent.TestingContinue"/>
  <testcase name="testCaseTwo" time="33.338" classname="businessComponent.TestingContinue"/>
</testsuite> <!-- businessComponent.TestingContinue -->
