<?xml version="1.0" encoding="UTF-8"?>
<!-- Generated by org.testng.reporters.JUnitReportReporter -->
<testsuite skipped="1" hostname="DESKTOP-DO54GIB" name="swarnajit.TestingContinue" tests="2" failures="0" timestamp="18 Jan 2019 07:52:30 GMT" time="33.893" errors="0">
  <testcase name="testCaseTwo" time="33.893" classname="swarnajit.TestingContinue"/>
  <testcase name="testCaseOne" classname="swarnajit.TestingContinue">
    <skipped/>
  </testcase> <!-- testCaseOne -->
</testsuite> <!-- swarnajit.TestingContinue -->
