<?xml version="1.0" encoding="UTF-8"?>
<!-- Generated by org.testng.reporters.JUnitReportReporter -->
<testsuite skipped="0" hostname="DESKTOP-DO54GIB" name="swarnajit.newday" tests="3" failures="0" timestamp="13 Jan 2019 11:28:44 GMT" time="0.023" errors="0">
  <testcase name="parameterTwo" time="0.003" classname="swarnajit.newday"/>
  <testcase name="parameterOne" time="0.016" classname="swarnajit.newday"/>
  <testcase name="bothparameter" time="0.004" classname="swarnajit.newday"/>
</testsuite> <!-- swarnajit.newday -->
